#! /c/Source/iverilog-install/bin/vvp
:ivl_version "12.0 (devel)" "(s20150603-1110-g18392a46)";
:ivl_delay_selection "TYPICAL";
:vpi_time_precision + 0;
:vpi_module "E:\iverilog\lib\ivl\system.vpi";
:vpi_module "E:\iverilog\lib\ivl\vhdl_sys.vpi";
:vpi_module "E:\iverilog\lib\ivl\vhdl_textio.vpi";
:vpi_module "E:\iverilog\lib\ivl\v2005_math.vpi";
:vpi_module "E:\iverilog\lib\ivl\va_math.vpi";
S_0000023b8b94a6f0 .scope module, "Single_Cycle_Top" "Single_Cycle_Top" 2 1;
 .timescale 0 0;
    .port_info 0 /INPUT 1 "clk";
    .port_info 1 /INPUT 1 "rst";
v0000023b8baad820_0 .net "ALUControl_Top", 2 0, L_0000023b8bb0f650;  1 drivers
v0000023b8baad960_0 .net "ALUResult", 31 0, L_0000023b8baaf4f0;  1 drivers
v0000023b8baada00_0 .net "ALUSrc", 0 0, L_0000023b8bab28d0;  1 drivers
v0000023b8baafc70_0 .net "ImmSrc", 1 0, L_0000023b8bab2f10;  1 drivers
v0000023b8bab1610_0 .net "Imm_Ext_Top", 31 0, L_0000023b8baaf950;  1 drivers
v0000023b8bab1070_0 .net "MemWrite", 0 0, L_0000023b8bab1c50;  1 drivers
v0000023b8bab08f0_0 .net "PCPlus4", 31 0, L_0000023b8bab14d0;  1 drivers
v0000023b8bab0a30_0 .net "PC_Top", 31 0, v0000023b8baac240_0;  1 drivers
v0000023b8baaf1d0_0 .net "RD1_Top", 31 0, L_0000023b8bab1110;  1 drivers
v0000023b8bab0fd0_0 .net "RD2_Top", 31 0, L_0000023b8bab11b0;  1 drivers
v0000023b8bab1890_0 .net "RD_Instr", 31 0, L_0000023b8baaff90;  1 drivers
v0000023b8baafef0_0 .net "ReadData", 31 0, L_0000023b8bb0f470;  1 drivers
v0000023b8baaf3b0_0 .net "RegWrite", 0 0, L_0000023b8bab25b0;  1 drivers
v0000023b8bab17f0_0 .net "Result", 31 0, L_0000023b8bb0e110;  1 drivers
v0000023b8baafe50_0 .net "ResultSrc", 0 0, L_0000023b8bab1b10;  1 drivers
v0000023b8bab1250_0 .net "SrcB", 31 0, L_0000023b8bab0ad0;  1 drivers
o0000023b8b9ab008 .functor BUFZ 1, C4<z>; HiZ drive
v0000023b8bab16b0_0 .net "clk", 0 0, o0000023b8b9ab008;  0 drivers
o0000023b8b9ab038 .functor BUFZ 1, C4<z>; HiZ drive
v0000023b8bab0530_0 .net "rst", 0 0, o0000023b8b9ab038;  0 drivers
L_0000023b8bab12f0 .part L_0000023b8baaff90, 15, 5;
L_0000023b8bab1390 .part L_0000023b8baaff90, 20, 5;
L_0000023b8bab0990 .part L_0000023b8baaff90, 7, 5;
L_0000023b8bab0030 .part L_0000023b8bab2f10, 0, 1;
L_0000023b8bb0d210 .part L_0000023b8baaff90, 0, 7;
L_0000023b8bb0e890 .part L_0000023b8baaff90, 12, 3;
L_0000023b8bb0da30 .part L_0000023b8baaff90, 25, 7;
S_0000023b8b94a880 .scope module, "ALU" "ALU" 2 54, 2 335 0, S_0000023b8b94a6f0;
 .timescale 0 0;
    .port_info 0 /INPUT 32 "A";
    .port_info 1 /INPUT 32 "B";
    .port_info 2 /OUTPUT 32 "Result";
    .port_info 3 /INPUT 3 "ALUControl";
    .port_info 4 /OUTPUT 1 "OverFlow";
    .port_info 5 /OUTPUT 1 "Carry";
    .port_info 6 /OUTPUT 1 "Zero";
    .port_info 7 /OUTPUT 1 "Negative";
L_0000023b8bab32e0 .functor BUFT 1, C4<0>, C4<0>, C4<0>, C4<0>;
L_0000023b8b9fdf60 .functor XNOR 1, L_0000023b8baafd10, L_0000023b8bab32e0, C4<0>, C4<0>;
L_0000023b8b9fd550 .functor NOT 33, L_0000023b8baafdb0, C4<000000000000000000000000000000000>, C4<000000000000000000000000000000000>, C4<000000000000000000000000000000000>;
L_0000023b8b9fd390 .functor AND 32, L_0000023b8bab1110, L_0000023b8bab0ad0, C4<11111111111111111111111111111111>, C4<11111111111111111111111111111111>;
L_0000023b8b9fd5c0 .functor OR 32, L_0000023b8bab1110, L_0000023b8bab0ad0, C4<00000000000000000000000000000000>, C4<00000000000000000000000000000000>;
L_0000023b8b9fd9b0 .functor XOR 1, L_0000023b8baaf590, L_0000023b8bab23d0, C4<0>, C4<0>;
L_0000023b8b9fd710 .functor XOR 1, L_0000023b8bab2790, L_0000023b8bab26f0, C4<0>, C4<0>;
L_0000023b8b9fdc50 .functor XOR 1, L_0000023b8b9fd710, L_0000023b8bab2470, C4<0>, C4<0>;
L_0000023b8b9fdb00 .functor NOT 1, L_0000023b8b9fdc50, C4<0>, C4<0>, C4<0>;
L_0000023b8b9fd860 .functor AND 1, L_0000023b8b9fd9b0, L_0000023b8b9fdb00, C4<1>, C4<1>;
L_0000023b8b9fd630 .functor NOT 1, L_0000023b8bab2290, C4<0>, C4<0>, C4<0>;
L_0000023b8b9fdb70 .functor AND 1, L_0000023b8b9fd860, L_0000023b8b9fd630, C4<1>, C4<1>;
L_0000023b8b9fdd30 .functor NOT 1, L_0000023b8bab2330, C4<0>, C4<0>, C4<0>;
L_0000023b8b9fd780 .functor AND 1, L_0000023b8b9fdd30, L_0000023b8bab03f0, C4<1>, C4<1>;
L_0000023b8b9fdcc0 .functor NOT 32, L_0000023b8baaf4f0, C4<00000000000000000000000000000000>, C4<00000000000000000000000000000000>, C4<00000000000000000000000000000000>;
v0000023b8b9991d0_0 .net "A", 31 0, L_0000023b8bab1110;  alias, 1 drivers
v0000023b8b998550_0 .net "ALUControl", 2 0, L_0000023b8bb0f650;  alias, 1 drivers
v0000023b8b998690_0 .net "B", 31 0, L_0000023b8bab0ad0;  alias, 1 drivers
v0000023b8b998730_0 .net "Carry", 0 0, L_0000023b8b9fd780;  1 drivers
v0000023b8b96f7a0_0 .net "Cout", 0 0, L_0000023b8bab03f0;  1 drivers
v0000023b8b96fde0_0 .net "Negative", 0 0, L_0000023b8bab2510;  1 drivers
v0000023b8b9faf00_0 .net "OverFlow", 0 0, L_0000023b8b9fdb70;  1 drivers
v0000023b8b9fa000_0 .net "Result", 31 0, L_0000023b8baaf4f0;  alias, 1 drivers
v0000023b8b9f92e0_0 .net "Sum", 31 0, L_0000023b8bab0490;  1 drivers
v0000023b8b9f9920_0 .net "Zero", 0 0, L_0000023b8bab1cf0;  1 drivers
v0000023b8b9f9f60_0 .net *"_ivl_100", 0 0, L_0000023b8bab2290;  1 drivers
v0000023b8b9fabe0_0 .net *"_ivl_101", 0 0, L_0000023b8b9fd630;  1 drivers
v0000023b8b9fadc0_0 .net *"_ivl_106", 0 0, L_0000023b8bab2330;  1 drivers
v0000023b8b9f9ba0_0 .net *"_ivl_107", 0 0, L_0000023b8b9fdd30;  1 drivers
v0000023b8b9fa640_0 .net *"_ivl_111", 31 0, L_0000023b8b9fdcc0;  1 drivers
L_0000023b8bab3328 .functor BUFT 1, C4<0>, C4<0>, C4<0>, C4<0>;
v0000023b8b9f96a0_0 .net *"_ivl_12", 0 0, L_0000023b8bab3328;  1 drivers
v0000023b8b9f9a60_0 .net *"_ivl_13", 32 0, L_0000023b8baaf130;  1 drivers
L_0000023b8bab3370 .functor BUFT 1, C4<0>, C4<0>, C4<0>, C4<0>;
v0000023b8b9f9600_0 .net *"_ivl_16", 0 0, L_0000023b8bab3370;  1 drivers
v0000023b8b9fae60_0 .net *"_ivl_17", 32 0, L_0000023b8baaf270;  1 drivers
v0000023b8b9f9c40_0 .net *"_ivl_19", 32 0, L_0000023b8bab0170;  1 drivers
L_0000023b8bab33b8 .functor BUFT 1, C4<0>, C4<0>, C4<0>, C4<0>;
v0000023b8b9fac80_0 .net *"_ivl_22", 0 0, L_0000023b8bab33b8;  1 drivers
v0000023b8b9fad20_0 .net *"_ivl_23", 32 0, L_0000023b8baafdb0;  1 drivers
L_0000023b8bab3400 .functor BUFT 1, C4<0>, C4<0>, C4<0>, C4<0>;
v0000023b8b9f9b00_0 .net *"_ivl_26", 0 0, L_0000023b8bab3400;  1 drivers
v0000023b8b9fa280_0 .net *"_ivl_27", 32 0, L_0000023b8b9fd550;  1 drivers
L_0000023b8bab3448 .functor BUFT 1, C4<000000000000000000000000000000001>, C4<0>, C4<0>, C4<0>;
v0000023b8b9fa6e0_0 .net/2u *"_ivl_29", 32 0, L_0000023b8bab3448;  1 drivers
v0000023b8b9f9ce0_0 .net *"_ivl_31", 32 0, L_0000023b8bab0cb0;  1 drivers
v0000023b8b9f9060_0 .net *"_ivl_33", 32 0, L_0000023b8bab0d50;  1 drivers
v0000023b8b9f9100_0 .net *"_ivl_35", 32 0, L_0000023b8baaf810;  1 drivers
L_0000023b8bab3490 .functor BUFT 1, C4<000>, C4<0>, C4<0>, C4<0>;
v0000023b8b9f9380_0 .net/2u *"_ivl_37", 2 0, L_0000023b8bab3490;  1 drivers
v0000023b8b9fa140_0 .net *"_ivl_39", 0 0, L_0000023b8bab0210;  1 drivers
v0000023b8b9fa500_0 .net *"_ivl_4", 0 0, L_0000023b8baafd10;  1 drivers
L_0000023b8bab34d8 .functor BUFT 1, C4<001>, C4<0>, C4<0>, C4<0>;
v0000023b8b9fa780_0 .net/2u *"_ivl_41", 2 0, L_0000023b8bab34d8;  1 drivers
v0000023b8b9fa960_0 .net *"_ivl_43", 0 0, L_0000023b8bab0710;  1 drivers
L_0000023b8bab3520 .functor BUFT 1, C4<010>, C4<0>, C4<0>, C4<0>;
v0000023b8b9f91a0_0 .net/2u *"_ivl_45", 2 0, L_0000023b8bab3520;  1 drivers
v0000023b8b9f9d80_0 .net *"_ivl_47", 0 0, L_0000023b8bab1750;  1 drivers
v0000023b8b9faa00_0 .net *"_ivl_49", 31 0, L_0000023b8b9fd390;  1 drivers
v0000023b8b9f9240_0 .net/2u *"_ivl_5", 0 0, L_0000023b8bab32e0;  1 drivers
L_0000023b8bab3568 .functor BUFT 1, C4<011>, C4<0>, C4<0>, C4<0>;
v0000023b8b9f9e20_0 .net/2u *"_ivl_51", 2 0, L_0000023b8bab3568;  1 drivers
v0000023b8b9fa1e0_0 .net *"_ivl_53", 0 0, L_0000023b8bab05d0;  1 drivers
v0000023b8b9f9ec0_0 .net *"_ivl_55", 31 0, L_0000023b8b9fd5c0;  1 drivers
L_0000023b8bab35b0 .functor BUFT 1, C4<101>, C4<0>, C4<0>, C4<0>;
v0000023b8b9fa0a0_0 .net/2u *"_ivl_57", 2 0, L_0000023b8bab35b0;  1 drivers
v0000023b8b9f99c0_0 .net *"_ivl_59", 0 0, L_0000023b8bab0e90;  1 drivers
L_0000023b8bab35f8 .functor BUFT 1, C4<0000000000000000000000000000000>, C4<0>, C4<0>, C4<0>;
v0000023b8b9fa320_0 .net/2u *"_ivl_61", 30 0, L_0000023b8bab35f8;  1 drivers
v0000023b8b9fa3c0_0 .net *"_ivl_64", 0 0, L_0000023b8bab0670;  1 drivers
v0000023b8b9fa460_0 .net *"_ivl_65", 31 0, L_0000023b8baaf310;  1 drivers
L_0000023b8bab3640 .functor BUFT 1, C4<00000000000000000000000000000000>, C4<0>, C4<0>, C4<0>;
v0000023b8b9faaa0_0 .net/2u *"_ivl_67", 31 0, L_0000023b8bab3640;  1 drivers
v0000023b8b9f9420_0 .net *"_ivl_69", 31 0, L_0000023b8bab07b0;  1 drivers
v0000023b8b9fa5a0_0 .net *"_ivl_7", 0 0, L_0000023b8b9fdf60;  1 drivers
v0000023b8b9fa820_0 .net *"_ivl_71", 31 0, L_0000023b8bab1570;  1 drivers
v0000023b8b9fa8c0_0 .net *"_ivl_73", 31 0, L_0000023b8bab0850;  1 drivers
v0000023b8b9fab40_0 .net *"_ivl_75", 31 0, L_0000023b8bab0f30;  1 drivers
v0000023b8b9f94c0_0 .net *"_ivl_80", 0 0, L_0000023b8baaf590;  1 drivers
v0000023b8b9f9560_0 .net *"_ivl_82", 0 0, L_0000023b8bab23d0;  1 drivers
v0000023b8b9f9740_0 .net *"_ivl_83", 0 0, L_0000023b8b9fd9b0;  1 drivers
v0000023b8b9f97e0_0 .net *"_ivl_86", 0 0, L_0000023b8bab2790;  1 drivers
v0000023b8b9f9880_0 .net *"_ivl_88", 0 0, L_0000023b8bab26f0;  1 drivers
v0000023b8b9fba70_0 .net *"_ivl_89", 0 0, L_0000023b8b9fd710;  1 drivers
v0000023b8b9fc830_0 .net *"_ivl_9", 32 0, L_0000023b8bab0b70;  1 drivers
v0000023b8b9fc010_0 .net *"_ivl_92", 0 0, L_0000023b8bab2470;  1 drivers
v0000023b8b9fcbf0_0 .net *"_ivl_93", 0 0, L_0000023b8b9fdc50;  1 drivers
v0000023b8b9fb430_0 .net *"_ivl_95", 0 0, L_0000023b8b9fdb00;  1 drivers
v0000023b8b9fcd30_0 .net *"_ivl_97", 0 0, L_0000023b8b9fd860;  1 drivers
L_0000023b8bab03f0 .part L_0000023b8baaf810, 32, 1;
L_0000023b8bab0490 .part L_0000023b8baaf810, 0, 32;
L_0000023b8baafd10 .part L_0000023b8bb0f650, 0, 1;
L_0000023b8bab0b70 .concat [ 32 1 0 0], L_0000023b8bab1110, L_0000023b8bab3328;
L_0000023b8baaf130 .concat [ 32 1 0 0], L_0000023b8bab0ad0, L_0000023b8bab3370;
L_0000023b8baaf270 .arith/sum 33, L_0000023b8bab0b70, L_0000023b8baaf130;
L_0000023b8bab0170 .concat [ 32 1 0 0], L_0000023b8bab1110, L_0000023b8bab33b8;
L_0000023b8baafdb0 .concat [ 32 1 0 0], L_0000023b8bab0ad0, L_0000023b8bab3400;
L_0000023b8bab0cb0 .arith/sum 33, L_0000023b8b9fd550, L_0000023b8bab3448;
L_0000023b8bab0d50 .arith/sum 33, L_0000023b8bab0170, L_0000023b8bab0cb0;
L_0000023b8baaf810 .functor MUXZ 33, L_0000023b8bab0d50, L_0000023b8baaf270, L_0000023b8b9fdf60, C4<>;
L_0000023b8bab0210 .cmp/eq 3, L_0000023b8bb0f650, L_0000023b8bab3490;
L_0000023b8bab0710 .cmp/eq 3, L_0000023b8bb0f650, L_0000023b8bab34d8;
L_0000023b8bab1750 .cmp/eq 3, L_0000023b8bb0f650, L_0000023b8bab3520;
L_0000023b8bab05d0 .cmp/eq 3, L_0000023b8bb0f650, L_0000023b8bab3568;
L_0000023b8bab0e90 .cmp/eq 3, L_0000023b8bb0f650, L_0000023b8bab35b0;
L_0000023b8bab0670 .part L_0000023b8bab0490, 31, 1;
L_0000023b8baaf310 .concat [ 1 31 0 0], L_0000023b8bab0670, L_0000023b8bab35f8;
L_0000023b8bab07b0 .functor MUXZ 32, L_0000023b8bab3640, L_0000023b8baaf310, L_0000023b8bab0e90, C4<>;
L_0000023b8bab1570 .functor MUXZ 32, L_0000023b8bab07b0, L_0000023b8b9fd5c0, L_0000023b8bab05d0, C4<>;
L_0000023b8bab0850 .functor MUXZ 32, L_0000023b8bab1570, L_0000023b8b9fd390, L_0000023b8bab1750, C4<>;
L_0000023b8bab0f30 .functor MUXZ 32, L_0000023b8bab0850, L_0000023b8bab0490, L_0000023b8bab0710, C4<>;
L_0000023b8baaf4f0 .functor MUXZ 32, L_0000023b8bab0f30, L_0000023b8bab0490, L_0000023b8bab0210, C4<>;
L_0000023b8baaf590 .part L_0000023b8bab0490, 31, 1;
L_0000023b8bab23d0 .part L_0000023b8bab1110, 31, 1;
L_0000023b8bab2790 .part L_0000023b8bb0f650, 0, 1;
L_0000023b8bab26f0 .part L_0000023b8bab0ad0, 31, 1;
L_0000023b8bab2470 .part L_0000023b8bab1110, 31, 1;
L_0000023b8bab2290 .part L_0000023b8bb0f650, 1, 1;
L_0000023b8bab2330 .part L_0000023b8bb0f650, 1, 1;
L_0000023b8bab1cf0 .reduce/and L_0000023b8b9fdcc0;
L_0000023b8bab2510 .part L_0000023b8baaf4f0, 31, 1;
S_0000023b8b94aa10 .scope module, "Control_Unit_Top" "Control_Unit_Top" 2 65, 2 272 0, S_0000023b8b94a6f0;
 .timescale 0 0;
    .port_info 0 /INPUT 7 "Op";
    .port_info 1 /OUTPUT 1 "RegWrite";
    .port_info 2 /OUTPUT 2 "ImmSrc";
    .port_info 3 /OUTPUT 1 "ALUSrc";
    .port_info 4 /OUTPUT 1 "MemWrite";
    .port_info 5 /OUTPUT 1 "ResultSrc";
    .port_info 6 /OUTPUT 1 "Branch";
    .port_info 7 /INPUT 3 "funct3";
    .port_info 8 /INPUT 7 "funct7";
    .port_info 9 /OUTPUT 3 "ALUControl";
v0000023b8baabc70_0 .net "ALUControl", 2 0, L_0000023b8bb0f650;  alias, 1 drivers
v0000023b8baabdb0_0 .net "ALUOp", 1 0, L_0000023b8bab1a70;  1 drivers
v0000023b8baab810_0 .net "ALUSrc", 0 0, L_0000023b8bab28d0;  alias, 1 drivers
v0000023b8baaa2d0_0 .net "Branch", 0 0, L_0000023b8bab2010;  1 drivers
v0000023b8baaba90_0 .net "ImmSrc", 1 0, L_0000023b8bab2f10;  alias, 1 drivers
v0000023b8baab4f0_0 .net "MemWrite", 0 0, L_0000023b8bab1c50;  alias, 1 drivers
v0000023b8baaa9b0_0 .net "Op", 6 0, L_0000023b8bb0d210;  1 drivers
v0000023b8baaab90_0 .net "RegWrite", 0 0, L_0000023b8bab25b0;  alias, 1 drivers
v0000023b8baabe50_0 .net "ResultSrc", 0 0, L_0000023b8bab1b10;  alias, 1 drivers
v0000023b8baaa410_0 .net "funct3", 2 0, L_0000023b8bb0e890;  1 drivers
v0000023b8baab590_0 .net "funct7", 6 0, L_0000023b8bb0da30;  1 drivers
S_0000023b8b9526c0 .scope module, "ALU_Decoder" "ALU_Decoder" 2 293, 2 306 0, S_0000023b8b94aa10;
 .timescale 0 0;
    .port_info 0 /INPUT 2 "ALUOp";
    .port_info 1 /INPUT 3 "funct3";
    .port_info 2 /INPUT 7 "funct7";
    .port_info 3 /INPUT 7 "op";
    .port_info 4 /OUTPUT 3 "ALUControl";
L_0000023b8b9fda20 .functor AND 1, L_0000023b8bab2b50, L_0000023b8bab1e30, C4<1>, C4<1>;
L_0000023b8b9fd470 .functor AND 1, L_0000023b8b9fda20, L_0000023b8bab2150, C4<1>, C4<1>;
L_0000023b8b9fda90 .functor AND 1, L_0000023b8bab21f0, L_0000023b8bb0f330, C4<1>, C4<1>;
L_0000023b8b9fd940 .functor AND 1, L_0000023b8b9fda90, L_0000023b8bb0f830, C4<1>, C4<1>;
L_0000023b8b9fdef0 .functor AND 1, L_0000023b8bb0f010, L_0000023b8bb0df30, C4<1>, C4<1>;
L_0000023b8b9fdbe0 .functor AND 1, L_0000023b8bb0e250, L_0000023b8bb0dd50, C4<1>, C4<1>;
L_0000023b8b9fdda0 .functor AND 1, L_0000023b8bb0ea70, L_0000023b8bb0e430, C4<1>, C4<1>;
v0000023b8b9fc650_0 .net "ALUControl", 2 0, L_0000023b8bb0f650;  alias, 1 drivers
v0000023b8b9fbd90_0 .net "ALUOp", 1 0, L_0000023b8bab1a70;  alias, 1 drivers
L_0000023b8bab3e20 .functor BUFT 1, C4<00>, C4<0>, C4<0>, C4<0>;
v0000023b8b9fcdd0_0 .net/2u *"_ivl_0", 1 0, L_0000023b8bab3e20;  1 drivers
L_0000023b8bab3ef8 .functor BUFT 1, C4<001>, C4<0>, C4<0>, C4<0>;
v0000023b8b9fbc50_0 .net/2u *"_ivl_10", 2 0, L_0000023b8bab3ef8;  1 drivers
v0000023b8b9fb4d0_0 .net *"_ivl_100", 2 0, L_0000023b8bb0d990;  1 drivers
v0000023b8b9fb1b0_0 .net *"_ivl_102", 2 0, L_0000023b8bb0e930;  1 drivers
v0000023b8b9fb570_0 .net *"_ivl_104", 2 0, L_0000023b8bb0f290;  1 drivers
v0000023b8b9fce70_0 .net *"_ivl_106", 2 0, L_0000023b8bb0f0b0;  1 drivers
v0000023b8b9fcab0_0 .net *"_ivl_108", 2 0, L_0000023b8bb0f510;  1 drivers
L_0000023b8bab3f40 .functor BUFT 1, C4<10>, C4<0>, C4<0>, C4<0>;
v0000023b8b9fbcf0_0 .net/2u *"_ivl_12", 1 0, L_0000023b8bab3f40;  1 drivers
v0000023b8b9fc290_0 .net *"_ivl_14", 0 0, L_0000023b8bab2b50;  1 drivers
L_0000023b8bab3f88 .functor BUFT 1, C4<000>, C4<0>, C4<0>, C4<0>;
v0000023b8b9fca10_0 .net/2u *"_ivl_16", 2 0, L_0000023b8bab3f88;  1 drivers
v0000023b8b9fb610_0 .net *"_ivl_18", 0 0, L_0000023b8bab1e30;  1 drivers
v0000023b8b9fcb50_0 .net *"_ivl_2", 0 0, L_0000023b8bab2a10;  1 drivers
v0000023b8b9fbe30_0 .net *"_ivl_20", 0 0, L_0000023b8b9fda20;  1 drivers
v0000023b8b9fb390_0 .net *"_ivl_23", 0 0, L_0000023b8bab1f70;  1 drivers
v0000023b8b9fc8d0_0 .net *"_ivl_25", 0 0, L_0000023b8bab1ed0;  1 drivers
v0000023b8b9fb2f0_0 .net *"_ivl_26", 1 0, L_0000023b8bab20b0;  1 drivers
L_0000023b8bab3fd0 .functor BUFT 1, C4<11>, C4<0>, C4<0>, C4<0>;
v0000023b8b9fc970_0 .net/2u *"_ivl_28", 1 0, L_0000023b8bab3fd0;  1 drivers
v0000023b8b9fb6b0_0 .net *"_ivl_30", 0 0, L_0000023b8bab2150;  1 drivers
v0000023b8b9fb750_0 .net *"_ivl_32", 0 0, L_0000023b8b9fd470;  1 drivers
L_0000023b8bab4018 .functor BUFT 1, C4<001>, C4<0>, C4<0>, C4<0>;
v0000023b8b9fbb10_0 .net/2u *"_ivl_34", 2 0, L_0000023b8bab4018;  1 drivers
L_0000023b8bab4060 .functor BUFT 1, C4<10>, C4<0>, C4<0>, C4<0>;
v0000023b8b9fc470_0 .net/2u *"_ivl_36", 1 0, L_0000023b8bab4060;  1 drivers
v0000023b8b9fbbb0_0 .net *"_ivl_38", 0 0, L_0000023b8bab21f0;  1 drivers
L_0000023b8bab3e68 .functor BUFT 1, C4<000>, C4<0>, C4<0>, C4<0>;
v0000023b8b9fb7f0_0 .net/2u *"_ivl_4", 2 0, L_0000023b8bab3e68;  1 drivers
L_0000023b8bab40a8 .functor BUFT 1, C4<000>, C4<0>, C4<0>, C4<0>;
v0000023b8b9fcc90_0 .net/2u *"_ivl_40", 2 0, L_0000023b8bab40a8;  1 drivers
v0000023b8b9fcf10_0 .net *"_ivl_42", 0 0, L_0000023b8bb0f330;  1 drivers
v0000023b8b9fb9d0_0 .net *"_ivl_44", 0 0, L_0000023b8b9fda90;  1 drivers
v0000023b8b9fbed0_0 .net *"_ivl_47", 0 0, L_0000023b8bb0e390;  1 drivers
v0000023b8b9fb890_0 .net *"_ivl_49", 0 0, L_0000023b8bb0de90;  1 drivers
v0000023b8b9fbf70_0 .net *"_ivl_50", 1 0, L_0000023b8bb0ecf0;  1 drivers
L_0000023b8bab40f0 .functor BUFT 1, C4<11>, C4<0>, C4<0>, C4<0>;
v0000023b8b9fb070_0 .net/2u *"_ivl_52", 1 0, L_0000023b8bab40f0;  1 drivers
v0000023b8b9fb250_0 .net *"_ivl_54", 0 0, L_0000023b8bb0f830;  1 drivers
v0000023b8b9fb930_0 .net *"_ivl_56", 0 0, L_0000023b8b9fd940;  1 drivers
L_0000023b8bab4138 .functor BUFT 1, C4<000>, C4<0>, C4<0>, C4<0>;
v0000023b8b9fc0b0_0 .net/2u *"_ivl_58", 2 0, L_0000023b8bab4138;  1 drivers
L_0000023b8bab3eb0 .functor BUFT 1, C4<01>, C4<0>, C4<0>, C4<0>;
v0000023b8b9fc5b0_0 .net/2u *"_ivl_6", 1 0, L_0000023b8bab3eb0;  1 drivers
L_0000023b8bab4180 .functor BUFT 1, C4<10>, C4<0>, C4<0>, C4<0>;
v0000023b8b9fb110_0 .net/2u *"_ivl_60", 1 0, L_0000023b8bab4180;  1 drivers
v0000023b8b9fc150_0 .net *"_ivl_62", 0 0, L_0000023b8bb0f010;  1 drivers
L_0000023b8bab41c8 .functor BUFT 1, C4<010>, C4<0>, C4<0>, C4<0>;
v0000023b8b9fc1f0_0 .net/2u *"_ivl_64", 2 0, L_0000023b8bab41c8;  1 drivers
v0000023b8b9fc330_0 .net *"_ivl_66", 0 0, L_0000023b8bb0df30;  1 drivers
v0000023b8b9fc3d0_0 .net *"_ivl_68", 0 0, L_0000023b8b9fdef0;  1 drivers
L_0000023b8bab4210 .functor BUFT 1, C4<101>, C4<0>, C4<0>, C4<0>;
v0000023b8b9fc510_0 .net/2u *"_ivl_70", 2 0, L_0000023b8bab4210;  1 drivers
L_0000023b8bab4258 .functor BUFT 1, C4<10>, C4<0>, C4<0>, C4<0>;
v0000023b8b9fc6f0_0 .net/2u *"_ivl_72", 1 0, L_0000023b8bab4258;  1 drivers
v0000023b8b9fc790_0 .net *"_ivl_74", 0 0, L_0000023b8bb0e250;  1 drivers
L_0000023b8bab42a0 .functor BUFT 1, C4<110>, C4<0>, C4<0>, C4<0>;
v0000023b8baa9c60_0 .net/2u *"_ivl_76", 2 0, L_0000023b8bab42a0;  1 drivers
v0000023b8baa99e0_0 .net *"_ivl_78", 0 0, L_0000023b8bb0dd50;  1 drivers
v0000023b8baa9300_0 .net *"_ivl_8", 0 0, L_0000023b8bab2ab0;  1 drivers
v0000023b8baa9a80_0 .net *"_ivl_80", 0 0, L_0000023b8b9fdbe0;  1 drivers
L_0000023b8bab42e8 .functor BUFT 1, C4<011>, C4<0>, C4<0>, C4<0>;
v0000023b8baa87c0_0 .net/2u *"_ivl_82", 2 0, L_0000023b8bab42e8;  1 drivers
L_0000023b8bab4330 .functor BUFT 1, C4<10>, C4<0>, C4<0>, C4<0>;
v0000023b8baa8a40_0 .net/2u *"_ivl_84", 1 0, L_0000023b8bab4330;  1 drivers
v0000023b8baa8ea0_0 .net *"_ivl_86", 0 0, L_0000023b8bb0ea70;  1 drivers
L_0000023b8bab4378 .functor BUFT 1, C4<111>, C4<0>, C4<0>, C4<0>;
v0000023b8baa9f80_0 .net/2u *"_ivl_88", 2 0, L_0000023b8bab4378;  1 drivers
v0000023b8baa9940_0 .net *"_ivl_90", 0 0, L_0000023b8bb0e430;  1 drivers
v0000023b8baa9080_0 .net *"_ivl_92", 0 0, L_0000023b8b9fdda0;  1 drivers
L_0000023b8bab43c0 .functor BUFT 1, C4<010>, C4<0>, C4<0>, C4<0>;
v0000023b8baa98a0_0 .net/2u *"_ivl_94", 2 0, L_0000023b8bab43c0;  1 drivers
L_0000023b8bab4408 .functor BUFT 1, C4<000>, C4<0>, C4<0>, C4<0>;
v0000023b8baa8fe0_0 .net/2u *"_ivl_96", 2 0, L_0000023b8bab4408;  1 drivers
v0000023b8baa8f40_0 .net *"_ivl_98", 2 0, L_0000023b8bb0e7f0;  1 drivers
v0000023b8baa9ee0_0 .net "funct3", 2 0, L_0000023b8bb0e890;  alias, 1 drivers
v0000023b8baa9b20_0 .net "funct7", 6 0, L_0000023b8bb0da30;  alias, 1 drivers
v0000023b8baa9e40_0 .net "op", 6 0, L_0000023b8bb0d210;  alias, 1 drivers
L_0000023b8bab2a10 .cmp/eq 2, L_0000023b8bab1a70, L_0000023b8bab3e20;
L_0000023b8bab2ab0 .cmp/eq 2, L_0000023b8bab1a70, L_0000023b8bab3eb0;
L_0000023b8bab2b50 .cmp/eq 2, L_0000023b8bab1a70, L_0000023b8bab3f40;
L_0000023b8bab1e30 .cmp/eq 3, L_0000023b8bb0e890, L_0000023b8bab3f88;
L_0000023b8bab1f70 .part L_0000023b8bb0d210, 5, 1;
L_0000023b8bab1ed0 .part L_0000023b8bb0da30, 5, 1;
L_0000023b8bab20b0 .concat [ 1 1 0 0], L_0000023b8bab1ed0, L_0000023b8bab1f70;
L_0000023b8bab2150 .cmp/eq 2, L_0000023b8bab20b0, L_0000023b8bab3fd0;
L_0000023b8bab21f0 .cmp/eq 2, L_0000023b8bab1a70, L_0000023b8bab4060;
L_0000023b8bb0f330 .cmp/eq 3, L_0000023b8bb0e890, L_0000023b8bab40a8;
L_0000023b8bb0e390 .part L_0000023b8bb0d210, 5, 1;
L_0000023b8bb0de90 .part L_0000023b8bb0da30, 5, 1;
L_0000023b8bb0ecf0 .concat [ 1 1 0 0], L_0000023b8bb0de90, L_0000023b8bb0e390;
L_0000023b8bb0f830 .cmp/ne 2, L_0000023b8bb0ecf0, L_0000023b8bab40f0;
L_0000023b8bb0f010 .cmp/eq 2, L_0000023b8bab1a70, L_0000023b8bab4180;
L_0000023b8bb0df30 .cmp/eq 3, L_0000023b8bb0e890, L_0000023b8bab41c8;
L_0000023b8bb0e250 .cmp/eq 2, L_0000023b8bab1a70, L_0000023b8bab4258;
L_0000023b8bb0dd50 .cmp/eq 3, L_0000023b8bb0e890, L_0000023b8bab42a0;
L_0000023b8bb0ea70 .cmp/eq 2, L_0000023b8bab1a70, L_0000023b8bab4330;
L_0000023b8bb0e430 .cmp/eq 3, L_0000023b8bb0e890, L_0000023b8bab4378;
L_0000023b8bb0e7f0 .functor MUXZ 3, L_0000023b8bab4408, L_0000023b8bab43c0, L_0000023b8b9fdda0, C4<>;
L_0000023b8bb0d990 .functor MUXZ 3, L_0000023b8bb0e7f0, L_0000023b8bab42e8, L_0000023b8b9fdbe0, C4<>;
L_0000023b8bb0e930 .functor MUXZ 3, L_0000023b8bb0d990, L_0000023b8bab4210, L_0000023b8b9fdef0, C4<>;
L_0000023b8bb0f290 .functor MUXZ 3, L_0000023b8bb0e930, L_0000023b8bab4138, L_0000023b8b9fd940, C4<>;
L_0000023b8bb0f0b0 .functor MUXZ 3, L_0000023b8bb0f290, L_0000023b8bab4018, L_0000023b8b9fd470, C4<>;
L_0000023b8bb0f510 .functor MUXZ 3, L_0000023b8bb0f0b0, L_0000023b8bab3ef8, L_0000023b8bab2ab0, C4<>;
L_0000023b8bb0f650 .functor MUXZ 3, L_0000023b8bb0f510, L_0000023b8bab3e68, L_0000023b8bab2a10, C4<>;
S_0000023b8b955d00 .scope module, "Main_Decoder" "Main_Decoder" 2 282, 2 181 0, S_0000023b8b94aa10;
 .timescale 0 0;
    .port_info 0 /INPUT 7 "Op";
    .port_info 1 /OUTPUT 1 "RegWrite";
    .port_info 2 /OUTPUT 2 "ImmSrc";
    .port_info 3 /OUTPUT 1 "ALUSrc";
    .port_info 4 /OUTPUT 1 "MemWrite";
    .port_info 5 /OUTPUT 1 "ResultSrc";
    .port_info 6 /OUTPUT 1 "Branch";
    .port_info 7 /OUTPUT 2 "ALUOp";
L_0000023b8b9fd6a0 .functor OR 1, L_0000023b8bab2bf0, L_0000023b8bab2c90, C4<0>, C4<0>;
L_0000023b8b9fd7f0 .functor OR 1, L_0000023b8bab2dd0, L_0000023b8bab1bb0, C4<0>, C4<0>;
v0000023b8baa9d00_0 .net "ALUOp", 1 0, L_0000023b8bab1a70;  alias, 1 drivers
v0000023b8baa89a0_0 .net "ALUSrc", 0 0, L_0000023b8bab28d0;  alias, 1 drivers
v0000023b8baa9120_0 .net "Branch", 0 0, L_0000023b8bab2010;  alias, 1 drivers
v0000023b8baa8d60_0 .net "ImmSrc", 1 0, L_0000023b8bab2f10;  alias, 1 drivers
v0000023b8baa9620_0 .net "MemWrite", 0 0, L_0000023b8bab1c50;  alias, 1 drivers
v0000023b8baa80e0_0 .net "Op", 6 0, L_0000023b8bb0d210;  alias, 1 drivers
v0000023b8baa8cc0_0 .net "RegWrite", 0 0, L_0000023b8bab25b0;  alias, 1 drivers
v0000023b8baa8b80_0 .net "ResultSrc", 0 0, L_0000023b8bab1b10;  alias, 1 drivers
L_0000023b8bab3688 .functor BUFT 1, C4<0000011>, C4<0>, C4<0>, C4<0>;
v0000023b8baa8680_0 .net/2u *"_ivl_0", 6 0, L_0000023b8bab3688;  1 drivers
L_0000023b8bab3718 .functor BUFT 1, C4<1>, C4<0>, C4<0>, C4<0>;
v0000023b8baa8900_0 .net/2u *"_ivl_10", 0 0, L_0000023b8bab3718;  1 drivers
L_0000023b8bab3760 .functor BUFT 1, C4<0>, C4<0>, C4<0>, C4<0>;
v0000023b8baa8720_0 .net/2u *"_ivl_12", 0 0, L_0000023b8bab3760;  1 drivers
L_0000023b8bab37a8 .functor BUFT 1, C4<0100011>, C4<0>, C4<0>, C4<0>;
v0000023b8baa96c0_0 .net/2u *"_ivl_16", 6 0, L_0000023b8bab37a8;  1 drivers
v0000023b8baa8180_0 .net *"_ivl_18", 0 0, L_0000023b8bab2d30;  1 drivers
v0000023b8baa8860_0 .net *"_ivl_2", 0 0, L_0000023b8bab2bf0;  1 drivers
L_0000023b8bab37f0 .functor BUFT 1, C4<01>, C4<0>, C4<0>, C4<0>;
v0000023b8baa9bc0_0 .net/2u *"_ivl_20", 1 0, L_0000023b8bab37f0;  1 drivers
L_0000023b8bab3838 .functor BUFT 1, C4<1100011>, C4<0>, C4<0>, C4<0>;
v0000023b8baa8ae0_0 .net/2u *"_ivl_22", 6 0, L_0000023b8bab3838;  1 drivers
v0000023b8baa8c20_0 .net *"_ivl_24", 0 0, L_0000023b8bab2e70;  1 drivers
L_0000023b8bab3880 .functor BUFT 1, C4<10>, C4<0>, C4<0>, C4<0>;
v0000023b8baa9da0_0 .net/2u *"_ivl_26", 1 0, L_0000023b8bab3880;  1 drivers
L_0000023b8bab38c8 .functor BUFT 1, C4<00>, C4<0>, C4<0>, C4<0>;
v0000023b8baa91c0_0 .net/2u *"_ivl_28", 1 0, L_0000023b8bab38c8;  1 drivers
v0000023b8baa8220_0 .net *"_ivl_30", 1 0, L_0000023b8bab2830;  1 drivers
L_0000023b8bab3910 .functor BUFT 1, C4<0000011>, C4<0>, C4<0>, C4<0>;
v0000023b8baa8e00_0 .net/2u *"_ivl_34", 6 0, L_0000023b8bab3910;  1 drivers
v0000023b8baa82c0_0 .net *"_ivl_36", 0 0, L_0000023b8bab2dd0;  1 drivers
L_0000023b8bab3958 .functor BUFT 1, C4<0100011>, C4<0>, C4<0>, C4<0>;
v0000023b8baa9260_0 .net/2u *"_ivl_38", 6 0, L_0000023b8bab3958;  1 drivers
L_0000023b8bab36d0 .functor BUFT 1, C4<0110011>, C4<0>, C4<0>, C4<0>;
v0000023b8baa8400_0 .net/2u *"_ivl_4", 6 0, L_0000023b8bab36d0;  1 drivers
v0000023b8baa8360_0 .net *"_ivl_40", 0 0, L_0000023b8bab1bb0;  1 drivers
v0000023b8baa93a0_0 .net *"_ivl_42", 0 0, L_0000023b8b9fd7f0;  1 drivers
L_0000023b8bab39a0 .functor BUFT 1, C4<1>, C4<0>, C4<0>, C4<0>;
v0000023b8baa84a0_0 .net/2u *"_ivl_44", 0 0, L_0000023b8bab39a0;  1 drivers
L_0000023b8bab39e8 .functor BUFT 1, C4<0>, C4<0>, C4<0>, C4<0>;
v0000023b8baa8540_0 .net/2u *"_ivl_46", 0 0, L_0000023b8bab39e8;  1 drivers
L_0000023b8bab3a30 .functor BUFT 1, C4<0100011>, C4<0>, C4<0>, C4<0>;
v0000023b8baa85e0_0 .net/2u *"_ivl_50", 6 0, L_0000023b8bab3a30;  1 drivers
v0000023b8baa9440_0 .net *"_ivl_52", 0 0, L_0000023b8bab19d0;  1 drivers
L_0000023b8bab3a78 .functor BUFT 1, C4<1>, C4<0>, C4<0>, C4<0>;
v0000023b8baa94e0_0 .net/2u *"_ivl_54", 0 0, L_0000023b8bab3a78;  1 drivers
L_0000023b8bab3ac0 .functor BUFT 1, C4<0>, C4<0>, C4<0>, C4<0>;
v0000023b8baa9580_0 .net/2u *"_ivl_56", 0 0, L_0000023b8bab3ac0;  1 drivers
v0000023b8baa9760_0 .net *"_ivl_6", 0 0, L_0000023b8bab2c90;  1 drivers
L_0000023b8bab3b08 .functor BUFT 1, C4<0000011>, C4<0>, C4<0>, C4<0>;
v0000023b8baa9800_0 .net/2u *"_ivl_60", 6 0, L_0000023b8bab3b08;  1 drivers
v0000023b8baaaf50_0 .net *"_ivl_62", 0 0, L_0000023b8bab2650;  1 drivers
L_0000023b8bab3b50 .functor BUFT 1, C4<1>, C4<0>, C4<0>, C4<0>;
v0000023b8baaae10_0 .net/2u *"_ivl_64", 0 0, L_0000023b8bab3b50;  1 drivers
L_0000023b8bab3b98 .functor BUFT 1, C4<0>, C4<0>, C4<0>, C4<0>;
v0000023b8baaacd0_0 .net/2u *"_ivl_66", 0 0, L_0000023b8bab3b98;  1 drivers
L_0000023b8bab3be0 .functor BUFT 1, C4<1100011>, C4<0>, C4<0>, C4<0>;
v0000023b8baabef0_0 .net/2u *"_ivl_70", 6 0, L_0000023b8bab3be0;  1 drivers
v0000023b8baabd10_0 .net *"_ivl_72", 0 0, L_0000023b8bab2fb0;  1 drivers
L_0000023b8bab3c28 .functor BUFT 1, C4<1>, C4<0>, C4<0>, C4<0>;
v0000023b8baabf90_0 .net/2u *"_ivl_74", 0 0, L_0000023b8bab3c28;  1 drivers
L_0000023b8bab3c70 .functor BUFT 1, C4<0>, C4<0>, C4<0>, C4<0>;
v0000023b8baab310_0 .net/2u *"_ivl_76", 0 0, L_0000023b8bab3c70;  1 drivers
v0000023b8baab450_0 .net *"_ivl_8", 0 0, L_0000023b8b9fd6a0;  1 drivers
L_0000023b8bab3cb8 .functor BUFT 1, C4<0110011>, C4<0>, C4<0>, C4<0>;
v0000023b8baab6d0_0 .net/2u *"_ivl_80", 6 0, L_0000023b8bab3cb8;  1 drivers
v0000023b8baab8b0_0 .net *"_ivl_82", 0 0, L_0000023b8bab2970;  1 drivers
L_0000023b8bab3d00 .functor BUFT 1, C4<10>, C4<0>, C4<0>, C4<0>;
v0000023b8baaa0f0_0 .net/2u *"_ivl_84", 1 0, L_0000023b8bab3d00;  1 drivers
L_0000023b8bab3d48 .functor BUFT 1, C4<1100011>, C4<0>, C4<0>, C4<0>;
v0000023b8baaac30_0 .net/2u *"_ivl_86", 6 0, L_0000023b8bab3d48;  1 drivers
v0000023b8baaa370_0 .net *"_ivl_88", 0 0, L_0000023b8bab1d90;  1 drivers
L_0000023b8bab3d90 .functor BUFT 1, C4<01>, C4<0>, C4<0>, C4<0>;
v0000023b8baaa190_0 .net/2u *"_ivl_90", 1 0, L_0000023b8bab3d90;  1 drivers
L_0000023b8bab3dd8 .functor BUFT 1, C4<00>, C4<0>, C4<0>, C4<0>;
v0000023b8baabbd0_0 .net/2u *"_ivl_92", 1 0, L_0000023b8bab3dd8;  1 drivers
v0000023b8baaa230_0 .net *"_ivl_94", 1 0, L_0000023b8bab1930;  1 drivers
L_0000023b8bab2bf0 .cmp/eq 7, L_0000023b8bb0d210, L_0000023b8bab3688;
L_0000023b8bab2c90 .cmp/eq 7, L_0000023b8bb0d210, L_0000023b8bab36d0;
L_0000023b8bab25b0 .functor MUXZ 1, L_0000023b8bab3760, L_0000023b8bab3718, L_0000023b8b9fd6a0, C4<>;
L_0000023b8bab2d30 .cmp/eq 7, L_0000023b8bb0d210, L_0000023b8bab37a8;
L_0000023b8bab2e70 .cmp/eq 7, L_0000023b8bb0d210, L_0000023b8bab3838;
L_0000023b8bab2830 .functor MUXZ 2, L_0000023b8bab38c8, L_0000023b8bab3880, L_0000023b8bab2e70, C4<>;
L_0000023b8bab2f10 .functor MUXZ 2, L_0000023b8bab2830, L_0000023b8bab37f0, L_0000023b8bab2d30, C4<>;
L_0000023b8bab2dd0 .cmp/eq 7, L_0000023b8bb0d210, L_0000023b8bab3910;
L_0000023b8bab1bb0 .cmp/eq 7, L_0000023b8bb0d210, L_0000023b8bab3958;
L_0000023b8bab28d0 .functor MUXZ 1, L_0000023b8bab39e8, L_0000023b8bab39a0, L_0000023b8b9fd7f0, C4<>;
L_0000023b8bab19d0 .cmp/eq 7, L_0000023b8bb0d210, L_0000023b8bab3a30;
L_0000023b8bab1c50 .functor MUXZ 1, L_0000023b8bab3ac0, L_0000023b8bab3a78, L_0000023b8bab19d0, C4<>;
L_0000023b8bab2650 .cmp/eq 7, L_0000023b8bb0d210, L_0000023b8bab3b08;
L_0000023b8bab1b10 .functor MUXZ 1, L_0000023b8bab3b98, L_0000023b8bab3b50, L_0000023b8bab2650, C4<>;
L_0000023b8bab2fb0 .cmp/eq 7, L_0000023b8bb0d210, L_0000023b8bab3be0;
L_0000023b8bab2010 .functor MUXZ 1, L_0000023b8bab3c70, L_0000023b8bab3c28, L_0000023b8bab2fb0, C4<>;
L_0000023b8bab2970 .cmp/eq 7, L_0000023b8bb0d210, L_0000023b8bab3cb8;
L_0000023b8bab1d90 .cmp/eq 7, L_0000023b8bb0d210, L_0000023b8bab3d48;
L_0000023b8bab1930 .functor MUXZ 2, L_0000023b8bab3dd8, L_0000023b8bab3d90, L_0000023b8bab1d90, C4<>;
L_0000023b8bab1a70 .functor MUXZ 2, L_0000023b8bab1930, L_0000023b8bab3d00, L_0000023b8bab2970, C4<>;
S_0000023b8b957a90 .scope module, "Data_Memory" "Data_Memory" 2 78, 2 237 0, S_0000023b8b94a6f0;
 .timescale 0 0;
    .port_info 0 /INPUT 1 "clk";
    .port_info 1 /INPUT 1 "rst";
    .port_info 2 /INPUT 1 "WE";
    .port_info 3 /INPUT 32 "WD";
    .port_info 4 /INPUT 32 "A";
    .port_info 5 /OUTPUT 32 "RD";
L_0000023b8b9fd1d0 .functor NOT 1, o0000023b8b9ab038, C4<0>, C4<0>, C4<0>;
v0000023b8baaa910_0 .net "A", 31 0, L_0000023b8baaf4f0;  alias, 1 drivers
v0000023b8baaad70_0 .net "RD", 31 0, L_0000023b8bb0f470;  alias, 1 drivers
v0000023b8baaa4b0_0 .net "WD", 31 0, L_0000023b8bab11b0;  alias, 1 drivers
v0000023b8baab770_0 .net "WE", 0 0, L_0000023b8bab1c50;  alias, 1 drivers
v0000023b8baaaeb0_0 .net *"_ivl_0", 0 0, L_0000023b8b9fd1d0;  1 drivers
L_0000023b8bab4450 .functor BUFT 1, C4<00000000000000000000000000000000>, C4<0>, C4<0>, C4<0>;
v0000023b8baaa550_0 .net/2u *"_ivl_2", 31 0, L_0000023b8bab4450;  1 drivers
v0000023b8baaa5f0_0 .net *"_ivl_4", 31 0, L_0000023b8bb0f3d0;  1 drivers
v0000023b8baaa690_0 .net "clk", 0 0, o0000023b8b9ab008;  alias, 0 drivers
v0000023b8baaa730 .array "mem", 0 1023, 31 0;
v0000023b8baab630_0 .net "rst", 0 0, o0000023b8b9ab038;  alias, 0 drivers
E_0000023b8b989e00 .event posedge, v0000023b8baaa690_0;
L_0000023b8bb0f3d0 .array/port v0000023b8baaa730, L_0000023b8baaf4f0;
L_0000023b8bb0f470 .functor MUXZ 32, L_0000023b8bb0f3d0, L_0000023b8bab4450, L_0000023b8b9fd1d0, C4<>;
S_0000023b8b95ca10 .scope module, "Instruction_Memory" "Instruction_Memory" 2 23, 2 207 0, S_0000023b8b94a6f0;
 .timescale 0 0;
    .port_info 0 /INPUT 1 "rst";
    .port_info 1 /INPUT 32 "A";
    .port_info 2 /OUTPUT 32 "RD";
L_0000023b8b971c70 .functor NOT 1, o0000023b8b9ab038, C4<0>, C4<0>, C4<0>;
v0000023b8baaaa50_0 .net "A", 31 0, v0000023b8baac240_0;  alias, 1 drivers
v0000023b8baaa7d0_0 .net "RD", 31 0, L_0000023b8baaff90;  alias, 1 drivers
v0000023b8baab950_0 .net *"_ivl_0", 0 0, L_0000023b8b971c70;  1 drivers
L_0000023b8bab3130 .functor BUFT 1, C4<00000000000000000000000000000000>, C4<0>, C4<0>, C4<0>;
v0000023b8baab270_0 .net/2u *"_ivl_2", 31 0, L_0000023b8bab3130;  1 drivers
v0000023b8baaa870_0 .net *"_ivl_4", 31 0, L_0000023b8bab0350;  1 drivers
v0000023b8baaaaf0_0 .net *"_ivl_7", 29 0, L_0000023b8bab0df0;  1 drivers
v0000023b8baab9f0 .array "mem", 0 1023, 31 0;
v0000023b8baaaff0_0 .net "rst", 0 0, o0000023b8b9ab038;  alias, 0 drivers
L_0000023b8bab0350 .array/port v0000023b8baab9f0, L_0000023b8bab0df0;
L_0000023b8bab0df0 .part v0000023b8baac240_0, 2, 30;
L_0000023b8baaff90 .functor MUXZ 32, L_0000023b8bab0350, L_0000023b8bab3130, L_0000023b8b971c70, C4<>;
S_0000023b8b95cba0 .scope module, "Mux_DataMemory_to_Register" "Mux" 2 87, 2 169 0, S_0000023b8b94a6f0;
 .timescale 0 0;
    .port_info 0 /INPUT 32 "a";
    .port_info 1 /INPUT 32 "b";
    .port_info 2 /INPUT 1 "s";
    .port_info 3 /OUTPUT 32 "c";
L_0000023b8b9fde80 .functor NOT 1, L_0000023b8bab1b10, C4<0>, C4<0>, C4<0>;
v0000023b8baab130_0 .net *"_ivl_0", 0 0, L_0000023b8b9fde80;  1 drivers
v0000023b8baabb30_0 .net "a", 31 0, L_0000023b8baaf4f0;  alias, 1 drivers
v0000023b8baab090_0 .net "b", 31 0, L_0000023b8bb0f470;  alias, 1 drivers
v0000023b8baab1d0_0 .net "c", 31 0, L_0000023b8bb0e110;  alias, 1 drivers
v0000023b8baab3b0_0 .net "s", 0 0, L_0000023b8bab1b10;  alias, 1 drivers
L_0000023b8bb0e110 .functor MUXZ 32, L_0000023b8bb0f470, L_0000023b8baaf4f0, L_0000023b8b9fde80, C4<>;
S_0000023b8b95cd30 .scope module, "Mux_Register_to_ALU" "Mux" 2 47, 2 169 0, S_0000023b8b94a6f0;
 .timescale 0 0;
    .port_info 0 /INPUT 32 "a";
    .port_info 1 /INPUT 32 "b";
    .port_info 2 /INPUT 1 "s";
    .port_info 3 /OUTPUT 32 "c";
L_0000023b8b9fd8d0 .functor NOT 1, L_0000023b8bab28d0, C4<0>, C4<0>, C4<0>;
v0000023b8baade60_0 .net *"_ivl_0", 0 0, L_0000023b8b9fd8d0;  1 drivers
v0000023b8baadf00_0 .net "a", 31 0, L_0000023b8bab11b0;  alias, 1 drivers
v0000023b8baadaa0_0 .net "b", 31 0, L_0000023b8baaf950;  alias, 1 drivers
v0000023b8baadc80_0 .net "c", 31 0, L_0000023b8bab0ad0;  alias, 1 drivers
v0000023b8baadfa0_0 .net "s", 0 0, L_0000023b8bab28d0;  alias, 1 drivers
L_0000023b8bab0ad0 .functor MUXZ 32, L_0000023b8baaf950, L_0000023b8bab11b0, L_0000023b8b9fd8d0, C4<>;
S_0000023b8b95e2b0 .scope module, "PC" "PC_Module" 2 10, 2 153 0, S_0000023b8b94a6f0;
 .timescale 0 0;
    .port_info 0 /INPUT 1 "clk";
    .port_info 1 /INPUT 1 "rst";
    .port_info 2 /OUTPUT 32 "PC";
    .port_info 3 /INPUT 32 "PC_Next";
v0000023b8baac240_0 .var "PC", 31 0;
v0000023b8baac9c0_0 .net "PC_Next", 31 0, L_0000023b8bab14d0;  alias, 1 drivers
v0000023b8baac100_0 .net "clk", 0 0, o0000023b8b9ab008;  alias, 0 drivers
v0000023b8baacce0_0 .net "rst", 0 0, o0000023b8b9ab038;  alias, 0 drivers
S_0000023b8b95e440 .scope module, "PC_Adder" "PC_Adder" 2 17, 2 144 0, S_0000023b8b94a6f0;
 .timescale 0 0;
    .port_info 0 /INPUT 32 "a";
    .port_info 1 /INPUT 32 "b";
    .port_info 2 /OUTPUT 32 "c";
v0000023b8baaca60_0 .net "a", 31 0, v0000023b8baac240_0;  alias, 1 drivers
L_0000023b8bab30e8 .functor BUFT 1, C4<00000000000000000000000000000100>, C4<0>, C4<0>, C4<0>;
v0000023b8baad460_0 .net "b", 31 0, L_0000023b8bab30e8;  1 drivers
v0000023b8baac920_0 .net "c", 31 0, L_0000023b8bab14d0;  alias, 1 drivers
L_0000023b8bab14d0 .arith/sum 32, v0000023b8baac240_0, L_0000023b8bab30e8;
S_0000023b8b95e5d0 .scope module, "Register_File" "Register_File" 2 29, 2 111 0, S_0000023b8b94a6f0;
 .timescale 0 0;
    .port_info 0 /INPUT 1 "clk";
    .port_info 1 /INPUT 1 "rst";
    .port_info 2 /INPUT 1 "WE3";
    .port_info 3 /INPUT 32 "WD3";
    .port_info 4 /INPUT 5 "A1";
    .port_info 5 /INPUT 5 "A2";
    .port_info 6 /INPUT 5 "A3";
    .port_info 7 /OUTPUT 32 "RD1";
    .port_info 8 /OUTPUT 32 "RD2";
L_0000023b8b971180 .functor NOT 1, o0000023b8b9ab038, C4<0>, C4<0>, C4<0>;
L_0000023b8b957330 .functor NOT 1, o0000023b8b9ab038, C4<0>, C4<0>, C4<0>;
v0000023b8baad3c0_0 .net "A1", 4 0, L_0000023b8bab12f0;  1 drivers
v0000023b8baac2e0_0 .net "A2", 4 0, L_0000023b8bab1390;  1 drivers
v0000023b8baacf60_0 .net "A3", 4 0, L_0000023b8bab0990;  1 drivers
v0000023b8baadd20_0 .net "RD1", 31 0, L_0000023b8bab1110;  alias, 1 drivers
v0000023b8baac4c0_0 .net "RD2", 31 0, L_0000023b8bab11b0;  alias, 1 drivers
v0000023b8baad1e0 .array "Register", 0 31, 31 0;
v0000023b8baad000_0 .net "WD3", 31 0, L_0000023b8bb0e110;  alias, 1 drivers
v0000023b8baad5a0_0 .net "WE3", 0 0, L_0000023b8bab25b0;  alias, 1 drivers
v0000023b8baaddc0_0 .net *"_ivl_0", 0 0, L_0000023b8b971180;  1 drivers
v0000023b8baad640_0 .net *"_ivl_12", 0 0, L_0000023b8b957330;  1 drivers
L_0000023b8bab3208 .functor BUFT 1, C4<00000000000000000000000000000000>, C4<0>, C4<0>, C4<0>;
v0000023b8baad140_0 .net/2u *"_ivl_14", 31 0, L_0000023b8bab3208;  1 drivers
v0000023b8baac6a0_0 .net *"_ivl_16", 31 0, L_0000023b8baaf6d0;  1 drivers
v0000023b8baadbe0_0 .net *"_ivl_18", 6 0, L_0000023b8baafb30;  1 drivers
L_0000023b8bab3178 .functor BUFT 1, C4<00000000000000000000000000000000>, C4<0>, C4<0>, C4<0>;
v0000023b8baad500_0 .net/2u *"_ivl_2", 31 0, L_0000023b8bab3178;  1 drivers
L_0000023b8bab3250 .functor BUFT 1, C4<00>, C4<0>, C4<0>, C4<0>;
v0000023b8baad320_0 .net *"_ivl_21", 1 0, L_0000023b8bab3250;  1 drivers
v0000023b8baac420_0 .net *"_ivl_4", 31 0, L_0000023b8bab0c10;  1 drivers
v0000023b8baac740_0 .net *"_ivl_6", 6 0, L_0000023b8baaf450;  1 drivers
L_0000023b8bab31c0 .functor BUFT 1, C4<00>, C4<0>, C4<0>, C4<0>;
v0000023b8baacd80_0 .net *"_ivl_9", 1 0, L_0000023b8bab31c0;  1 drivers
v0000023b8baacb00_0 .net "clk", 0 0, o0000023b8b9ab008;  alias, 0 drivers
v0000023b8baacec0_0 .net "rst", 0 0, o0000023b8b9ab038;  alias, 0 drivers
L_0000023b8bab0c10 .array/port v0000023b8baad1e0, L_0000023b8baaf450;
L_0000023b8baaf450 .concat [ 5 2 0 0], L_0000023b8bab12f0, L_0000023b8bab31c0;
L_0000023b8bab1110 .functor MUXZ 32, L_0000023b8bab0c10, L_0000023b8bab3178, L_0000023b8b971180, C4<>;
L_0000023b8baaf6d0 .array/port v0000023b8baad1e0, L_0000023b8baafb30;
L_0000023b8baafb30 .concat [ 5 2 0 0], L_0000023b8bab1390, L_0000023b8bab3250;
L_0000023b8bab11b0 .functor MUXZ 32, L_0000023b8baaf6d0, L_0000023b8bab3208, L_0000023b8b957330, C4<>;
S_0000023b8b963f30 .scope module, "Sign_Extend" "Sign_Extend" 2 41, 2 99 0, S_0000023b8b94a6f0;
 .timescale 0 0;
    .port_info 0 /INPUT 32 "In";
    .port_info 1 /OUTPUT 32 "Imm_Ext";
    .port_info 2 /INPUT 1 "ImmSrc";
L_0000023b8bab3298 .functor BUFT 1, C4<1>, C4<0>, C4<0>, C4<0>;
L_0000023b8b9fd4e0 .functor XNOR 1, L_0000023b8bab0030, L_0000023b8bab3298, C4<0>, C4<0>;
v0000023b8baac380_0 .net "ImmSrc", 0 0, L_0000023b8bab0030;  1 drivers
v0000023b8baad6e0_0 .net "Imm_Ext", 31 0, L_0000023b8baaf950;  alias, 1 drivers
v0000023b8baace20_0 .net "In", 31 0, L_0000023b8baaff90;  alias, 1 drivers
v0000023b8baac600_0 .net/2u *"_ivl_0", 0 0, L_0000023b8bab3298;  1 drivers
v0000023b8baacba0_0 .net *"_ivl_11", 4 0, L_0000023b8bab02b0;  1 drivers
v0000023b8baad0a0_0 .net *"_ivl_12", 31 0, L_0000023b8baafa90;  1 drivers
v0000023b8baadb40_0 .net *"_ivl_15", 0 0, L_0000023b8baaf630;  1 drivers
v0000023b8baacc40_0 .net *"_ivl_16", 19 0, L_0000023b8baaf9f0;  1 drivers
v0000023b8baad280_0 .net *"_ivl_19", 11 0, L_0000023b8bab1430;  1 drivers
v0000023b8baad780_0 .net *"_ivl_2", 0 0, L_0000023b8b9fd4e0;  1 drivers
v0000023b8baad8c0_0 .net *"_ivl_20", 31 0, L_0000023b8baafbd0;  1 drivers
v0000023b8baac560_0 .net *"_ivl_5", 0 0, L_0000023b8bab00d0;  1 drivers
v0000023b8baac880_0 .net *"_ivl_6", 19 0, L_0000023b8baaf770;  1 drivers
v0000023b8baac7e0_0 .net *"_ivl_9", 6 0, L_0000023b8baaf8b0;  1 drivers
L_0000023b8bab00d0 .part L_0000023b8baaff90, 31, 1;
LS_0000023b8baaf770_0_0 .concat [ 1 1 1 1], L_0000023b8bab00d0, L_0000023b8bab00d0, L_0000023b8bab00d0, L_0000023b8bab00d0;
LS_0000023b8baaf770_0_4 .concat [ 1 1 1 1], L_0000023b8bab00d0, L_0000023b8bab00d0, L_0000023b8bab00d0, L_0000023b8bab00d0;
LS_0000023b8baaf770_0_8 .concat [ 1 1 1 1], L_0000023b8bab00d0, L_0000023b8bab00d0, L_0000023b8bab00d0, L_0000023b8bab00d0;
LS_0000023b8baaf770_0_12 .concat [ 1 1 1 1], L_0000023b8bab00d0, L_0000023b8bab00d0, L_0000023b8bab00d0, L_0000023b8bab00d0;
LS_0000023b8baaf770_0_16 .concat [ 1 1 1 1], L_0000023b8bab00d0, L_0000023b8bab00d0, L_0000023b8bab00d0, L_0000023b8bab00d0;
LS_0000023b8baaf770_1_0 .concat [ 4 4 4 4], LS_0000023b8baaf770_0_0, LS_0000023b8baaf770_0_4, LS_0000023b8baaf770_0_8, LS_0000023b8baaf770_0_12;
LS_0000023b8baaf770_1_4 .concat [ 4 0 0 0], LS_0000023b8baaf770_0_16;
L_0000023b8baaf770 .concat [ 16 4 0 0], LS_0000023b8baaf770_1_0, LS_0000023b8baaf770_1_4;
L_0000023b8baaf8b0 .part L_0000023b8baaff90, 25, 7;
L_0000023b8bab02b0 .part L_0000023b8baaff90, 7, 5;
L_0000023b8baafa90 .concat [ 5 7 20 0], L_0000023b8bab02b0, L_0000023b8baaf8b0, L_0000023b8baaf770;
L_0000023b8baaf630 .part L_0000023b8baaff90, 31, 1;
LS_0000023b8baaf9f0_0_0 .concat [ 1 1 1 1], L_0000023b8baaf630, L_0000023b8baaf630, L_0000023b8baaf630, L_0000023b8baaf630;
LS_0000023b8baaf9f0_0_4 .concat [ 1 1 1 1], L_0000023b8baaf630, L_0000023b8baaf630, L_0000023b8baaf630, L_0000023b8baaf630;
LS_0000023b8baaf9f0_0_8 .concat [ 1 1 1 1], L_0000023b8baaf630, L_0000023b8baaf630, L_0000023b8baaf630, L_0000023b8baaf630;
LS_0000023b8baaf9f0_0_12 .concat [ 1 1 1 1], L_0000023b8baaf630, L_0000023b8baaf630, L_0000023b8baaf630, L_0000023b8baaf630;
LS_0000023b8baaf9f0_0_16 .concat [ 1 1 1 1], L_0000023b8baaf630, L_0000023b8baaf630, L_0000023b8baaf630, L_0000023b8baaf630;
LS_0000023b8baaf9f0_1_0 .concat [ 4 4 4 4], LS_0000023b8baaf9f0_0_0, LS_0000023b8baaf9f0_0_4, LS_0000023b8baaf9f0_0_8, LS_0000023b8baaf9f0_0_12;
LS_0000023b8baaf9f0_1_4 .concat [ 4 0 0 0], LS_0000023b8baaf9f0_0_16;
L_0000023b8baaf9f0 .concat [ 16 4 0 0], LS_0000023b8baaf9f0_1_0, LS_0000023b8baaf9f0_1_4;
L_0000023b8bab1430 .part L_0000023b8baaff90, 20, 12;
L_0000023b8baafbd0 .concat [ 12 20 0 0], L_0000023b8bab1430, L_0000023b8baaf9f0;
L_0000023b8baaf950 .functor MUXZ 32, L_0000023b8baafbd0, L_0000023b8baafa90, L_0000023b8b9fd4e0, C4<>;
    .scope S_0000023b8b95e2b0;
T_0 ;
    %wait E_0000023b8b989e00;
    %load/vec4 v0000023b8baacce0_0;
    %inv;
    %flag_set/vec4 8;
    %jmp/0xz  T_0.0, 8;
    %pushi/vec4 0, 0, 32;
    %assign/vec4 v0000023b8baac240_0, 0;
    %jmp T_0.1;
T_0.0 ;
    %load/vec4 v0000023b8baac9c0_0;
    %assign/vec4 v0000023b8baac240_0, 0;
T_0.1 ;
    %jmp T_0;
    .thread T_0;
    .scope S_0000023b8b95ca10;
T_1 ;
    %vpi_call 2 218 "$readmemh", "memfile2.hex", v0000023b8baab9f0 {0 0 0};
    %end;
    .thread T_1;
    .scope S_0000023b8b95e5d0;
T_2 ;
    %wait E_0000023b8b989e00;
    %load/vec4 v0000023b8baad5a0_0;
    %flag_set/vec4 8;
    %jmp/0xz  T_2.0, 8;
    %load/vec4 v0000023b8baad000_0;
    %load/vec4 v0000023b8baacf60_0;
    %pad/u 7;
    %ix/vec4 3;
    %ix/load 4, 0, 0; Constant delay
    %assign/vec4/a/d v0000023b8baad1e0, 0, 4;
T_2.0 ;
    %jmp T_2;
    .thread T_2;
    .scope S_0000023b8b95e5d0;
T_3 ;
    %pushi/vec4 1, 0, 32;
    %ix/load 4, 1, 0;
    %flag_set/imm 4, 0;
    %store/vec4a v0000023b8baad1e0, 4, 0;
    %pushi/vec4 2, 0, 32;
    %ix/load 4, 2, 0;
    %flag_set/imm 4, 0;
    %store/vec4a v0000023b8baad1e0, 4, 0;
    %pushi/vec4 3, 0, 32;
    %ix/load 4, 3, 0;
    %flag_set/imm 4, 0;
    %store/vec4a v0000023b8baad1e0, 4, 0;
    %pushi/vec4 4, 0, 32;
    %ix/load 4, 4, 0;
    %flag_set/imm 4, 0;
    %store/vec4a v0000023b8baad1e0, 4, 0;
    %pushi/vec4 5, 0, 32;
    %ix/load 4, 5, 0;
    %flag_set/imm 4, 0;
    %store/vec4a v0000023b8baad1e0, 4, 0;
    %pushi/vec4 6, 0, 32;
    %ix/load 4, 6, 0;
    %flag_set/imm 4, 0;
    %store/vec4a v0000023b8baad1e0, 4, 0;
    %pushi/vec4 7, 0, 32;
    %ix/load 4, 7, 0;
    %flag_set/imm 4, 0;
    %store/vec4a v0000023b8baad1e0, 4, 0;
    %pushi/vec4 8, 0, 32;
    %ix/load 4, 8, 0;
    %flag_set/imm 4, 0;
    %store/vec4a v0000023b8baad1e0, 4, 0;
    %pushi/vec4 9, 0, 32;
    %ix/load 4, 9, 0;
    %flag_set/imm 4, 0;
    %store/vec4a v0000023b8baad1e0, 4, 0;
    %end;
    .thread T_3;
    .scope S_0000023b8b957a90;
T_4 ;
    %wait E_0000023b8b989e00;
    %load/vec4 v0000023b8baab770_0;
    %flag_set/vec4 8;
    %jmp/0xz  T_4.0, 8;
    %load/vec4 v0000023b8baaa4b0_0;
    %ix/getv 3, v0000023b8baaa910_0;
    %ix/load 4, 0, 0; Constant delay
    %assign/vec4/a/d v0000023b8baaa730, 0, 4;
T_4.0 ;
    %jmp T_4;
    .thread T_4;
    .scope S_0000023b8b957a90;
T_5 ;
    %pushi/vec4 0, 0, 32;
    %ix/load 4, 0, 0;
    %flag_set/imm 4, 0;
    %store/vec4a v0000023b8baaa730, 4, 0;
    %pushi/vec4 1, 0, 32;
    %ix/load 4, 1, 0;
    %flag_set/imm 4, 0;
    %store/vec4a v0000023b8baaa730, 4, 0;
    %pushi/vec4 2, 0, 32;
    %ix/load 4, 2, 0;
    %flag_set/imm 4, 0;
    %store/vec4a v0000023b8baaa730, 4, 0;
    %pushi/vec4 3, 0, 32;
    %ix/load 4, 3, 0;
    %flag_set/imm 4, 0;
    %store/vec4a v0000023b8baaa730, 4, 0;
    %pushi/vec4 4, 0, 32;
    %ix/load 4, 4, 0;
    %flag_set/imm 4, 0;
    %store/vec4a v0000023b8baaa730, 4, 0;
    %pushi/vec4 5, 0, 32;
    %ix/load 4, 5, 0;
    %flag_set/imm 4, 0;
    %store/vec4a v0000023b8baaa730, 4, 0;
    %pushi/vec4 6, 0, 32;
    %ix/load 4, 6, 0;
    %flag_set/imm 4, 0;
    %store/vec4a v0000023b8baaa730, 4, 0;
    %pushi/vec4 7, 0, 32;
    %ix/load 4, 7, 0;
    %flag_set/imm 4, 0;
    %store/vec4a v0000023b8baaa730, 4, 0;
    %pushi/vec4 8, 0, 32;
    %ix/load 4, 8, 0;
    %flag_set/imm 4, 0;
    %store/vec4a v0000023b8baaa730, 4, 0;
    %pushi/vec4 9, 0, 32;
    %ix/load 4, 9, 0;
    %flag_set/imm 4, 0;
    %store/vec4a v0000023b8baaa730, 4, 0;
    %end;
    .thread T_5;
# The file index is used to find the file name in the following table.
:file_names 3;
    "N/A";
    "<interactive>";
    "Single_Cycle_Top.v";
